{"/home/doginuwu/Documentos/NodeJS/repo-prova/src/App.vue": {"path":"/home/doginuwu/Documentos/NodeJS/repo-prova/src/App.vue","statementMap":{"0":{"start":{"line":9,"column":0},"end":{"line":9,"column":null}},"1":{"start":{"line":11,"column":0},"end":{"line":11,"column":null}}},"fnMap":{},"branchMap":{},"s":{"0":1,"1":1},"f":{},"b":{}}
,"/home/doginuwu/Documentos/NodeJS/repo-prova/src/components/header/Header.styles.js": {"path":"/home/doginuwu/Documentos/NodeJS/repo-prova/src/components/header/Header.styles.js","statementMap":{"0":{"start":{"line":3,"column":25},"end":{"line":6,"column":1}},"1":{"start":{"line":8,"column":23},"end":{"line":15,"column":1}},"2":{"start":{"line":17,"column":20},"end":{"line":40,"column":1}}},"fnMap":{},"branchMap":{},"s":{"0":2,"1":2,"2":2},"f":{},"b":{},"_coverageSchema":"43e27e138ebf9cfc5966b082cf9a028302ed4184","hash":"7a8c3cf592275309e0b4f1e57f85c14dd6874410"}
,"/home/doginuwu/Documentos/NodeJS/repo-prova/src/components/header/Header.vue": {"path":"/home/doginuwu/Documentos/NodeJS/repo-prova/src/components/header/Header.vue","statementMap":{"0":{"start":{"line":18,"column":0},"end":{"line":18,"column":null}},"1":{"start":{"line":19,"column":0},"end":{"line":19,"column":null}},"2":{"start":{"line":20,"column":0},"end":{"line":20,"column":null}},"3":{"start":{"line":32,"column":0},"end":{"line":32,"column":null}},"4":{"start":{"line":38,"column":0},"end":{"line":38,"column":null}}},"fnMap":{"0":{"name":"(anonymous_1)","decl":{"start":{"line":31,"column":0},"end":{"line":31,"column":null}},"loc":{"start":{"line":31,"column":0},"end":{"line":35,"column":null}}},"1":{"name":"(anonymous_2)","decl":{"start":{"line":37,"column":0},"end":{"line":37,"column":null}},"loc":{"start":{"line":37,"column":0},"end":{"line":39,"column":null}}}},"branchMap":{},"s":{"0":2,"1":2,"2":2,"3":2,"4":2},"f":{"0":2,"1":2},"b":{}}
,"/home/doginuwu/Documentos/NodeJS/repo-prova/src/components/repositories/Repositories.styles.js": {"path":"/home/doginuwu/Documentos/NodeJS/repo-prova/src/components/repositories/Repositories.styles.js","statementMap":{"0":{"start":{"line":3,"column":25},"end":{"line":11,"column":1}},"1":{"start":{"line":13,"column":20},"end":{"line":19,"column":1}}},"fnMap":{},"branchMap":{},"s":{"0":3,"1":3},"f":{},"b":{},"_coverageSchema":"43e27e138ebf9cfc5966b082cf9a028302ed4184","hash":"c9df802e4ac654025d548a39d100966a424a57ac"}
,"/home/doginuwu/Documentos/NodeJS/repo-prova/src/components/repositories/Repositories.vue": {"path":"/home/doginuwu/Documentos/NodeJS/repo-prova/src/components/repositories/Repositories.vue","statementMap":{"0":{"start":{"line":16,"column":0},"end":{"line":16,"column":null}},"1":{"start":{"line":17,"column":0},"end":{"line":17,"column":null}}},"fnMap":{},"branchMap":{},"s":{"0":3,"1":3},"f":{},"b":{}}
,"/home/doginuwu/Documentos/NodeJS/repo-prova/src/components/repositoryItem/RepositoryItem.styles.js": {"path":"/home/doginuwu/Documentos/NodeJS/repo-prova/src/components/repositoryItem/RepositoryItem.styles.js","statementMap":{"0":{"start":{"line":3,"column":25},"end":{"line":17,"column":1}},"1":{"start":{"line":19,"column":21},"end":{"line":23,"column":1}},"2":{"start":{"line":25,"column":23},"end":{"line":50,"column":1}},"3":{"start":{"line":52,"column":22},"end":{"line":78,"column":1}}},"fnMap":{},"branchMap":{},"s":{"0":4,"1":4,"2":4,"3":4},"f":{},"b":{},"_coverageSchema":"43e27e138ebf9cfc5966b082cf9a028302ed4184","hash":"7c89258f5e8c9f81a2a11411bb5427a324a1436e"}
,"/home/doginuwu/Documentos/NodeJS/repo-prova/src/components/repositoryItem/RepositoryItem.vue": {"path":"/home/doginuwu/Documentos/NodeJS/repo-prova/src/components/repositoryItem/RepositoryItem.vue","statementMap":{"0":{"start":{"line":28,"column":0},"end":{"line":28,"column":null}},"1":{"start":{"line":29,"column":0},"end":{"line":29,"column":null}}},"fnMap":{},"branchMap":{},"s":{"0":4,"1":4},"f":{},"b":{}}
,"/home/doginuwu/Documentos/NodeJS/repo-prova/src/components/searchbar/Searchbar.styles.js": {"path":"/home/doginuwu/Documentos/NodeJS/repo-prova/src/components/searchbar/Searchbar.styles.js","statementMap":{"0":{"start":{"line":3,"column":25},"end":{"line":25,"column":1}},"1":{"start":{"line":27,"column":21},"end":{"line":35,"column":1}}},"fnMap":{},"branchMap":{},"s":{"0":3,"1":3},"f":{},"b":{},"_coverageSchema":"43e27e138ebf9cfc5966b082cf9a028302ed4184","hash":"55913cc5c022f52fad0c15671e67044d24a6bb89"}
,"/home/doginuwu/Documentos/NodeJS/repo-prova/src/components/searchbar/Searchbar.vue": {"path":"/home/doginuwu/Documentos/NodeJS/repo-prova/src/components/searchbar/Searchbar.vue","statementMap":{"0":{"start":{"line":16,"column":0},"end":{"line":16,"column":null}},"1":{"start":{"line":17,"column":0},"end":{"line":17,"column":null}},"2":{"start":{"line":19,"column":0},"end":{"line":19,"column":null}},"3":{"start":{"line":20,"column":0},"end":{"line":20,"column":null}},"4":{"start":{"line":29,"column":0},"end":{"line":29,"column":null}},"5":{"start":{"line":35,"column":0},"end":{"line":35,"column":null}}},"fnMap":{"0":{"name":"(anonymous_1)","decl":{"start":{"line":29,"column":0},"end":{"line":29,"column":null}},"loc":{"start":{"line":29,"column":0},"end":{"line":29,"column":null}}},"1":{"name":"(anonymous_2)","decl":{"start":{"line":34,"column":0},"end":{"line":34,"column":null}},"loc":{"start":{"line":34,"column":0},"end":{"line":36,"column":null}}}},"branchMap":{},"s":{"0":3,"1":3,"2":3,"3":3,"4":2,"5":1},"f":{"0":2,"1":1},"b":{}}
,"/home/doginuwu/Documentos/NodeJS/repo-prova/src/components/userAbout/UserAbout.styles.js": {"path":"/home/doginuwu/Documentos/NodeJS/repo-prova/src/components/userAbout/UserAbout.styles.js","statementMap":{"0":{"start":{"line":3,"column":25},"end":{"line":14,"column":1}},"1":{"start":{"line":16,"column":23},"end":{"line":32,"column":1}},"2":{"start":{"line":34,"column":23},"end":{"line":50,"column":1}}},"fnMap":{},"branchMap":{},"s":{"0":3,"1":3,"2":3},"f":{},"b":{},"_coverageSchema":"43e27e138ebf9cfc5966b082cf9a028302ed4184","hash":"cc5be5033bace0562d81740cf479a84b6fcc4c3b"}
,"/home/doginuwu/Documentos/NodeJS/repo-prova/src/components/userAbout/UserAbout.vue": {"path":"/home/doginuwu/Documentos/NodeJS/repo-prova/src/components/userAbout/UserAbout.vue","statementMap":{"0":{"start":{"line":43,"column":0},"end":{"line":43,"column":null}},"1":{"start":{"line":44,"column":0},"end":{"line":44,"column":null}}},"fnMap":{},"branchMap":{},"s":{"0":3,"1":3},"f":{},"b":{}}
,"/home/doginuwu/Documentos/NodeJS/repo-prova/src/pages/home/Home.styles.js": {"path":"/home/doginuwu/Documentos/NodeJS/repo-prova/src/pages/home/Home.styles.js","statementMap":{"0":{"start":{"line":3,"column":21},"end":{"line":14,"column":1}}},"fnMap":{},"branchMap":{},"s":{"0":2},"f":{},"b":{},"_coverageSchema":"43e27e138ebf9cfc5966b082cf9a028302ed4184","hash":"ddd6f83d00e1f8af8d58aca40190a1e28f2ac31b"}
,"/home/doginuwu/Documentos/NodeJS/repo-prova/src/pages/home/Home.vue": {"path":"/home/doginuwu/Documentos/NodeJS/repo-prova/src/pages/home/Home.vue","statementMap":{"0":{"start":{"line":15,"column":0},"end":{"line":15,"column":null}},"1":{"start":{"line":16,"column":0},"end":{"line":16,"column":null}},"2":{"start":{"line":17,"column":0},"end":{"line":17,"column":null}},"3":{"start":{"line":19,"column":0},"end":{"line":19,"column":null}},"4":{"start":{"line":30,"column":0},"end":{"line":30,"column":null}},"5":{"start":{"line":34,"column":0},"end":{"line":34,"column":null}}},"fnMap":{"0":{"name":"(anonymous_1)","decl":{"start":{"line":30,"column":0},"end":{"line":30,"column":null}},"loc":{"start":{"line":30,"column":0},"end":{"line":30,"column":null}}},"1":{"name":"(anonymous_2)","decl":{"start":{"line":33,"column":0},"end":{"line":33,"column":null}},"loc":{"start":{"line":33,"column":0},"end":{"line":35,"column":null}}}},"branchMap":{},"s":{"0":2,"1":2,"2":2,"3":2,"4":1,"5":1},"f":{"0":1,"1":1},"b":{}}
,"/home/doginuwu/Documentos/NodeJS/repo-prova/src/pages/repository/Repository.styles.js": {"path":"/home/doginuwu/Documentos/NodeJS/repo-prova/src/pages/repository/Repository.styles.js","statementMap":{"0":{"start":{"line":3,"column":23},"end":{"line":6,"column":1}},"1":{"start":{"line":7,"column":25},"end":{"line":13,"column":1}},"2":{"start":{"line":15,"column":26},"end":{"line":34,"column":1}},"3":{"start":{"line":36,"column":30},"end":{"line":51,"column":1}},"4":{"start":{"line":53,"column":22},"end":{"line":57,"column":1}},"5":{"start":{"line":59,"column":33},"end":{"line":65,"column":1}},"6":{"start":{"line":67,"column":23},"end":{"line":80,"column":1}},"7":{"start":{"line":82,"column":25},"end":{"line":136,"column":1}}},"fnMap":{},"branchMap":{},"s":{"0":2,"1":2,"2":2,"3":2,"4":2,"5":2,"6":2,"7":2},"f":{},"b":{},"_coverageSchema":"43e27e138ebf9cfc5966b082cf9a028302ed4184","hash":"35b24d6cd668d4d6084931b978478a3b14a293bf"}
,"/home/doginuwu/Documentos/NodeJS/repo-prova/src/pages/repository/Repository.vue": {"path":"/home/doginuwu/Documentos/NodeJS/repo-prova/src/pages/repository/Repository.vue","statementMap":{"0":{"start":{"line":71,"column":0},"end":{"line":71,"column":null}},"1":{"start":{"line":72,"column":0},"end":{"line":72,"column":null}},"2":{"start":{"line":73,"column":0},"end":{"line":73,"column":null}},"3":{"start":{"line":74,"column":0},"end":{"line":74,"column":null}},"4":{"start":{"line":90,"column":0},"end":{"line":90,"column":null}},"5":{"start":{"line":96,"column":0},"end":{"line":96,"column":null}},"6":{"start":{"line":97,"column":0},"end":{"line":97,"column":null}},"7":{"start":{"line":100,"column":0},"end":{"line":100,"column":null}},"8":{"start":{"line":101,"column":0},"end":{"line":101,"column":null}},"9":{"start":{"line":102,"column":0},"end":{"line":102,"column":null}},"10":{"start":{"line":106,"column":0},"end":{"line":109,"column":null}},"11":{"start":{"line":107,"column":0},"end":{"line":107,"column":null}},"12":{"start":{"line":108,"column":0},"end":{"line":108,"column":null}},"13":{"start":{"line":110,"column":0},"end":{"line":112,"column":null}},"14":{"start":{"line":111,"column":0},"end":{"line":111,"column":null}}},"fnMap":{"0":{"name":"(anonymous_1)","decl":{"start":{"line":89,"column":0},"end":{"line":89,"column":null}},"loc":{"start":{"line":89,"column":0},"end":{"line":93,"column":null}}},"1":{"name":"(anonymous_2)","decl":{"start":{"line":96,"column":0},"end":{"line":96,"column":null}},"loc":{"start":{"line":96,"column":0},"end":{"line":96,"column":null}}},"2":{"name":"(anonymous_3)","decl":{"start":{"line":97,"column":0},"end":{"line":97,"column":null}},"loc":{"start":{"line":97,"column":0},"end":{"line":97,"column":null}}},"3":{"name":"(anonymous_4)","decl":{"start":{"line":99,"column":0},"end":{"line":99,"column":null}},"loc":{"start":{"line":99,"column":0},"end":{"line":103,"column":null}}},"4":{"name":"(anonymous_5)","decl":{"start":{"line":100,"column":0},"end":{"line":100,"column":null}},"loc":{"start":{"line":100,"column":0},"end":{"line":100,"column":null}}},"5":{"name":"(anonymous_6)","decl":{"start":{"line":105,"column":0},"end":{"line":105,"column":null}},"loc":{"start":{"line":105,"column":0},"end":{"line":113,"column":null}}},"6":{"name":"(anonymous_7)","decl":{"start":{"line":110,"column":0},"end":{"line":110,"column":null}},"loc":{"start":{"line":110,"column":0},"end":{"line":112,"column":null}}}},"branchMap":{"0":{"loc":{"start":{"line":100,"column":0},"end":{"line":100,"column":null}},"type":"cond-expr","locations":[{"start":{"line":100,"column":0},"end":{"line":100,"column":null}},{"start":{"line":100,"column":0},"end":{"line":100,"column":null}}]},"1":{"loc":{"start":{"line":101,"column":0},"end":{"line":101,"column":null}},"type":"binary-expr","locations":[{"start":{"line":101,"column":0},"end":{"line":101,"column":null}},{"start":{"line":101,"column":0},"end":{"line":101,"column":null}}]},"2":{"loc":{"start":{"line":106,"column":0},"end":{"line":109,"column":null}},"type":"if","locations":[{"start":{"line":106,"column":0},"end":{"line":109,"column":null}},{"start":{"line":106,"column":0},"end":{"line":109,"column":null}}]}},"s":{"0":2,"1":2,"2":2,"3":2,"4":2,"5":2,"6":2,"7":3,"8":2,"9":2,"10":2,"11":1,"12":1,"13":1,"14":1},"f":{"0":2,"1":2,"2":2,"3":2,"4":1,"5":2,"6":1},"b":{"0":[1,1],"1":[2,1],"2":[1,1]}}
,"/home/doginuwu/Documentos/NodeJS/repo-prova/src/routes/router.js": {"path":"/home/doginuwu/Documentos/NodeJS/repo-prova/src/routes/router.js","statementMap":{"0":{"start":{"line":4,"column":0},"end":{"line":4,"column":19}},"1":{"start":{"line":9,"column":22},"end":{"line":19,"column":1}},"2":{"start":{"line":21,"column":15},"end":{"line":24,"column":2}}},"fnMap":{},"branchMap":{},"s":{"0":1,"1":1,"2":1},"f":{},"b":{},"_coverageSchema":"43e27e138ebf9cfc5966b082cf9a028302ed4184","hash":"4614d61f9181118a9c1e4f31f1730b0fd684ecb2"}
,"/home/doginuwu/Documentos/NodeJS/repo-prova/src/services/api.js": {"path":"/home/doginuwu/Documentos/NodeJS/repo-prova/src/services/api.js","statementMap":{"0":{"start":{"line":3,"column":12},"end":{"line":5,"column":2}}},"fnMap":{},"branchMap":{},"s":{"0":5},"f":{},"b":{},"_coverageSchema":"43e27e138ebf9cfc5966b082cf9a028302ed4184","hash":"cc79d513bc207ef40100ad34f7db79b65b60fe6f"}
,"/home/doginuwu/Documentos/NodeJS/repo-prova/src/store/index.js": {"path":"/home/doginuwu/Documentos/NodeJS/repo-prova/src/store/index.js","statementMap":{"0":{"start":{"line":5,"column":0},"end":{"line":5,"column":14}},"1":{"start":{"line":7,"column":28},"end":{"line":30,"column":1}},"2":{"start":{"line":15,"column":6},"end":{"line":27,"column":7}},"3":{"start":{"line":16,"column":21},"end":{"line":16,"column":64}},"4":{"start":{"line":17,"column":22},"end":{"line":17,"column":71}},"5":{"start":{"line":19,"column":8},"end":{"line":22,"column":10}},"6":{"start":{"line":24,"column":8},"end":{"line":26,"column":10}},"7":{"start":{"line":32,"column":14},"end":{"line":32,"column":42}}},"fnMap":{"0":{"name":"(anonymous_0)","decl":{"start":{"line":14,"column":13},"end":{"line":14,"column":14}},"loc":{"start":{"line":14,"column":36},"end":{"line":28,"column":5}},"line":14}},"branchMap":{},"s":{"0":4,"1":4,"2":3,"3":3,"4":1,"5":1,"6":1,"7":4},"f":{"0":3},"b":{},"_coverageSchema":"43e27e138ebf9cfc5966b082cf9a028302ed4184","hash":"815ebae7af989461349132adf9a428b183a0629d"}
,"/home/doginuwu/Documentos/NodeJS/repo-prova/src/styles/globalStyles.js": {"path":"/home/doginuwu/Documentos/NodeJS/repo-prova/src/styles/globalStyles.js","statementMap":{"0":{"start":{"line":3,"column":0},"end":{"line":64,"column":2}}},"fnMap":{},"branchMap":{},"s":{"0":1},"f":{},"b":{},"_coverageSchema":"43e27e138ebf9cfc5966b082cf9a028302ed4184","hash":"360f29329de08177fb42b1f9307f44e2bf15d321"}
}
