TN:
SF:/home/doginuwu/Documentos/NodeJS/repo-prova/src/App.vue
FNF:0
FNH:0
DA:9,1
DA:11,1
LF:2
LH:2
BRF:0
BRH:0
end_of_record
TN:
SF:/home/doginuwu/Documentos/NodeJS/repo-prova/src/components/header/Header.styles.js
FNF:0
FNH:0
DA:3,2
DA:8,2
DA:17,2
LF:3
LH:3
BRF:0
BRH:0
end_of_record
TN:
SF:/home/doginuwu/Documentos/NodeJS/repo-prova/src/components/header/Header.vue
FN:31,(anonymous_1)
FN:37,(anonymous_2)
FNF:2
FNH:2
FNDA:2,(anonymous_1)
FNDA:2,(anonymous_2)
DA:18,2
DA:19,2
DA:20,2
DA:32,2
DA:38,2
LF:5
LH:5
BRF:0
BRH:0
end_of_record
TN:
SF:/home/doginuwu/Documentos/NodeJS/repo-prova/src/components/repositories/Repositories.styles.js
FNF:0
FNH:0
DA:3,3
DA:13,3
LF:2
LH:2
BRF:0
BRH:0
end_of_record
TN:
SF:/home/doginuwu/Documentos/NodeJS/repo-prova/src/components/repositories/Repositories.vue
FNF:0
FNH:0
DA:16,3
DA:17,3
LF:2
LH:2
BRF:0
BRH:0
end_of_record
TN:
SF:/home/doginuwu/Documentos/NodeJS/repo-prova/src/components/repositoryItem/RepositoryItem.styles.js
FNF:0
FNH:0
DA:3,4
DA:19,4
DA:25,4
DA:52,4
LF:4
LH:4
BRF:0
BRH:0
end_of_record
TN:
SF:/home/doginuwu/Documentos/NodeJS/repo-prova/src/components/repositoryItem/RepositoryItem.vue
FNF:0
FNH:0
DA:28,4
DA:29,4
LF:2
LH:2
BRF:0
BRH:0
end_of_record
TN:
SF:/home/doginuwu/Documentos/NodeJS/repo-prova/src/components/searchbar/Searchbar.styles.js
FNF:0
FNH:0
DA:3,3
DA:27,3
LF:2
LH:2
BRF:0
BRH:0
end_of_record
TN:
SF:/home/doginuwu/Documentos/NodeJS/repo-prova/src/components/searchbar/Searchbar.vue
FN:29,(anonymous_1)
FN:34,(anonymous_2)
FNF:2
FNH:2
FNDA:2,(anonymous_1)
FNDA:1,(anonymous_2)
DA:16,3
DA:17,3
DA:19,3
DA:20,3
DA:29,2
DA:35,1
LF:6
LH:6
BRF:0
BRH:0
end_of_record
TN:
SF:/home/doginuwu/Documentos/NodeJS/repo-prova/src/components/userAbout/UserAbout.styles.js
FNF:0
FNH:0
DA:3,3
DA:16,3
DA:34,3
LF:3
LH:3
BRF:0
BRH:0
end_of_record
TN:
SF:/home/doginuwu/Documentos/NodeJS/repo-prova/src/components/userAbout/UserAbout.vue
FNF:0
FNH:0
DA:43,3
DA:44,3
LF:2
LH:2
BRF:0
BRH:0
end_of_record
TN:
SF:/home/doginuwu/Documentos/NodeJS/repo-prova/src/pages/home/Home.styles.js
FNF:0
FNH:0
DA:3,2
LF:1
LH:1
BRF:0
BRH:0
end_of_record
TN:
SF:/home/doginuwu/Documentos/NodeJS/repo-prova/src/pages/home/Home.vue
FN:30,(anonymous_1)
FN:33,(anonymous_2)
FNF:2
FNH:2
FNDA:1,(anonymous_1)
FNDA:1,(anonymous_2)
DA:15,2
DA:16,2
DA:17,2
DA:19,2
DA:30,1
DA:34,1
LF:6
LH:6
BRF:0
BRH:0
end_of_record
TN:
SF:/home/doginuwu/Documentos/NodeJS/repo-prova/src/pages/repository/Repository.styles.js
FNF:0
FNH:0
DA:3,2
DA:7,2
DA:15,2
DA:36,2
DA:53,2
DA:59,2
DA:67,2
DA:82,2
LF:8
LH:8
BRF:0
BRH:0
end_of_record
TN:
SF:/home/doginuwu/Documentos/NodeJS/repo-prova/src/pages/repository/Repository.vue
FN:89,(anonymous_1)
FN:96,(anonymous_2)
FN:97,(anonymous_3)
FN:99,(anonymous_4)
FN:100,(anonymous_5)
FN:105,(anonymous_6)
FN:110,(anonymous_7)
FNF:7
FNH:7
FNDA:2,(anonymous_1)
FNDA:2,(anonymous_2)
FNDA:2,(anonymous_3)
FNDA:2,(anonymous_4)
FNDA:1,(anonymous_5)
FNDA:2,(anonymous_6)
FNDA:1,(anonymous_7)
DA:71,2
DA:72,2
DA:73,2
DA:74,2
DA:90,2
DA:96,2
DA:97,2
DA:100,3
DA:101,2
DA:102,2
DA:106,2
DA:107,1
DA:108,1
DA:110,1
DA:111,1
LF:15
LH:15
BRDA:100,0,0,1
BRDA:100,0,1,1
BRDA:101,1,0,2
BRDA:101,1,1,1
BRDA:106,2,0,1
BRDA:106,2,1,1
BRF:6
BRH:6
end_of_record
TN:
SF:/home/doginuwu/Documentos/NodeJS/repo-prova/src/routes/router.js
FNF:0
FNH:0
DA:4,1
DA:9,1
DA:21,1
LF:3
LH:3
BRF:0
BRH:0
end_of_record
TN:
SF:/home/doginuwu/Documentos/NodeJS/repo-prova/src/services/api.js
FNF:0
FNH:0
DA:3,5
LF:1
LH:1
BRF:0
BRH:0
end_of_record
TN:
SF:/home/doginuwu/Documentos/NodeJS/repo-prova/src/store/index.js
FN:14,(anonymous_0)
FNF:1
FNH:1
FNDA:3,(anonymous_0)
DA:5,4
DA:7,4
DA:15,3
DA:16,3
DA:17,1
DA:19,1
DA:24,1
DA:32,4
LF:8
LH:8
BRF:0
BRH:0
end_of_record
TN:
SF:/home/doginuwu/Documentos/NodeJS/repo-prova/src/styles/globalStyles.js
FNF:0
FNH:0
DA:3,1
LF:1
LH:1
BRF:0
BRH:0
end_of_record
